[2016-06-07 17:43:32] production.ERROR: exception 'ErrorException' with message 'Undefined offset: 0' in /Users/cpg/Misc/todo-laravel/vendor/laravel/framework/src/Illuminate/Http/RedirectResponse.php:218
Stack trace:
#0 /Users/cpg/Misc/todo-laravel/vendor/laravel/framework/src/Illuminate/Http/RedirectResponse.php(218): Illuminate\Exception\Handler->handleError(8, 'Undefined offse...', '/Users/cpg/Misc...', 218, Array)
#1 /Users/cpg/Misc/todo-laravel/app/controllers/TasksController.php(89): Illuminate\Http\RedirectResponse->__call('withMessage', Array)
#2 /Users/cpg/Misc/todo-laravel/app/controllers/TasksController.php(89): Illuminate\Http\RedirectResponse->withMessage()
#3 [internal function]: TasksController->show('3')
#4 /Users/cpg/Misc/todo-laravel/vendor/laravel/framework/src/Illuminate/Routing/Controller.php(231): call_user_func_array(Array, Array)
#5 /Users/cpg/Misc/todo-laravel/bootstrap/compiled.php(5847): Illuminate\Routing\Controller->callAction('show', Array)
#6 /Users/cpg/Misc/todo-laravel/bootstrap/compiled.php(5835): Illuminate\Routing\ControllerDispatcher->call(Object(TasksController), Object(Illuminate\Routing\Route), 'show')
#7 /Users/cpg/Misc/todo-laravel/bootstrap/compiled.php(5040): Illuminate\Routing\ControllerDispatcher->dispatch(Object(Illuminate\Routing\Route), Object(Illuminate\Http\Request), 'TasksController', 'show')
#8 [internal function]: Illuminate\Routing\Router->Illuminate\Routing\{closure}('3')
#9 /Users/cpg/Misc/todo-laravel/bootstrap/compiled.php(5398): call_user_func_array(Object(Closure), Array)
#10 /Users/cpg/Misc/todo-laravel/bootstrap/compiled.php(5065): Illuminate\Routing\Route->run(Object(Illuminate\Http\Request))
#11 /Users/cpg/Misc/todo-laravel/bootstrap/compiled.php(5053): Illuminate\Routing\Router->dispatchToRoute(Object(Illuminate\Http\Request))
#12 /Users/cpg/Misc/todo-laravel/bootstrap/compiled.php(715): Illuminate\Routing\Router->dispatch(Object(Illuminate\Http\Request))
#13 /Users/cpg/Misc/todo-laravel/bootstrap/compiled.php(696): Illuminate\Foundation\Application->dispatch(Object(Illuminate\Http\Request))
#14 /Users/cpg/Misc/todo-laravel/bootstrap/compiled.php(7825): Illuminate\Foundation\Application->handle(Object(Illuminate\Http\Request), 1, true)
#15 /Users/cpg/Misc/todo-laravel/bootstrap/compiled.php(8432): Illuminate\Session\Middleware->handle(Object(Illuminate\Http\Request), 1, true)
#16 /Users/cpg/Misc/todo-laravel/bootstrap/compiled.php(8379): Illuminate\Cookie\Queue->handle(Object(Illuminate\Http\Request), 1, true)
#17 /Users/cpg/Misc/todo-laravel/bootstrap/compiled.php(11123): Illuminate\Cookie\Guard->handle(Object(Illuminate\Http\Request), 1, true)
#18 /Users/cpg/Misc/todo-laravel/bootstrap/compiled.php(657): Stack\StackedHttpKernel->handle(Object(Illuminate\Http\Request))
#19 /Users/cpg/Misc/todo-laravel/public/index.php(49): Illuminate\Foundation\Application->run()
#20 /Users/cpg/Misc/todo-laravel/server.php(19): require_once('/Users/cpg/Misc...')
#21 {main} [] []
